This is pdfTeX, Version 3.141592653-2.6-1.40.25 (TeX Live 2023) (preloaded format=pdflatex 2024.2.2)  8 MAY 2024 22:17
entering extended mode
 restricted \write18 enabled.
 file:line:error style messages enabled.
 %&-line parsing enabled.
**/Users/Trinity_College_Dublin/Dissertation_Summer2024/99_dissertation/introduction/introduction
(/Users/Trinity_College_Dublin/Dissertation_Summer2024/99_dissertation/introduction/introduction.tex
LaTeX2e <2022-11-01> patch level 1
L3 programming layer <2023-02-22>
/Users/Trinity_College_Dublin/Dissertation_Summer2024/99_dissertation/introduction/introduction.tex:1: Undefined control sequence.
l.1 \chapter
            {Introduction - Chapter}
The control sequence at the end of the top line
of your error message was never \def'ed. If you have
misspelled it (e.g., `\hobx'), type `I' and the correct
spelling (e.g., `I\hbox'). Otherwise just continue,
and I'll forget about whatever was undefined.


/Users/Trinity_College_Dublin/Dissertation_Summer2024/99_dissertation/introduction/introduction.tex:1: LaTeX Error: Missing \begin{document}.

See the LaTeX manual or LaTeX Companion for explanation.
Type  H <return>  for immediate help.
 ...                                              
                                                  
l.1 \chapter{I
              ntroduction - Chapter}
You're in trouble here.  Try typing  <return>  to proceed.
If that doesn't work, type  X <return>  to quit.

Missing character: There is no I in font nullfont!
Missing character: There is no n in font nullfont!
Missing character: There is no t in font nullfont!
Missing character: There is no r in font nullfont!
Missing character: There is no o in font nullfont!
Missing character: There is no d in font nullfont!
Missing character: There is no u in font nullfont!
Missing character: There is no c in font nullfont!
Missing character: There is no t in font nullfont!
Missing character: There is no i in font nullfont!
Missing character: There is no o in font nullfont!
Missing character: There is no n in font nullfont!
Missing character: There is no - in font nullfont!
Missing character: There is no C in font nullfont!
Missing character: There is no h in font nullfont!
Missing character: There is no a in font nullfont!
Missing character: There is no p in font nullfont!
Missing character: There is no t in font nullfont!
Missing character: There is no e in font nullfont!
Missing character: There is no r in font nullfont!
/Users/Trinity_College_Dublin/Dissertation_Summer2024/99_dissertation/introduction/introduction.tex:2: Undefined control sequence.
l.2 \section
            {Section}
The control sequence at the end of the top line
of your error message was never \def'ed. If you have
misspelled it (e.g., `\hobx'), type `I' and the correct
spelling (e.g., `I\hbox'). Otherwise just continue,
and I'll forget about whatever was undefined.

Missing character: There is no S in font nullfont!
Missing character: There is no e in font nullfont!
Missing character: There is no c in font nullfont!
Missing character: There is no t in font nullfont!
Missing character: There is no i in font nullfont!
Missing character: There is no o in font nullfont!
Missing character: There is no n in font nullfont!
)
! Emergency stop.
<*> ...4/99_dissertation/introduction/introduction
                                                  
*** (job aborted, no legal \end found)

 
Here is how much of TeX's memory you used:
 17 strings out of 476025
 650 string characters out of 5790018
 1849388 words of memory out of 5000000
 20569 multiletter control sequences out of 15000+600000
 512287 words of font info for 32 fonts, out of 8000000 for 9000
 1141 hyphenation exceptions out of 8191
 13i,0n,12p,160b,18s stack positions out of 10000i,1000n,20000p,200000b,200000s
!  ==> Fatal error occurred, no output PDF file produced!
